Arguments: 
  D:\nodejs\node.exe D:\nodejs\node_global\node_modules\yarn\bin\yarn.js install

PATH: 
  D:\Xshell\;D:\Xftp 6\;C:\ProgramData\Oracle\Java\javapath;D:\VMware\VMware Workstation\bin\;C:\Windows\system32;C:\Windows;C:\Windows\System32\Wbem;C:\Windows\System32\WindowsPowerShell\v1.0\;C:\Windows\System32\OpenSSH\;D:\nodejs\;D:\nodejs\node_global;D:\nodejs\node_global\node_modules;D:\Git\cmd;D:\MongoDB\Server\4.4\bin;D:\nodejs\node_global\node_modules\cnpm\bin;D:\Java\jdk1.8.0_131\\bin;"D:\Java\jdk1.8.0_131\\jre\bin;";C:\Program Files\MySQL\MySQL Server 8.0\bin;D:\python;D:\python\Scripts\;D:\python\;C:\Program Files\MySQL\MySQL Shell 8.0\bin\;C:\Users\twl\AppData\Local\Microsoft\WindowsApps;D:\Microsoft VS Code\bin;C:\Users\twl\AppData\Roaming\npm;;D:\PyCharm\bin;

Yarn version: 
  1.22.10

Node version: 
  12.18.4

Platform: 
  win32 x64

Trace: 
  Error [ERR_TLS_CERT_ALTNAME_INVALID]: Hostname/IP does not match certificate's altnames: Host: registry.cnpmjs.org. is not in the cert's altnames: DNS:r.cnpmjs.org
      at Object.checkServerIdentity (tls.js:287:12)
      at TLSSocket.onConnectSecure (_tls_wrap.js:1511:27)
      at TLSSocket.emit (events.js:315:20)
      at TLSSocket._finishInit (_tls_wrap.js:936:8)
      at TLSWrap.ssl.onhandshakedone (_tls_wrap.js:710:12)

npm manifest: 
  {
    "name": "RTMPLIVE-weixin",
    "version": "1.0.0",
    "private": true,
    "description": "RTMPLIVE-weixin",
    "templateInfo": {
      "name": "taro-ui",
      "typescript": false,
      "css": "sass"
    },
    "scripts": {
      "build:weapp": "taro build --type weapp",
      "build:swan": "taro build --type swan",
      "build:alipay": "taro build --type alipay",
      "build:tt": "taro build --type tt",
      "build:h5": "taro build --type h5",
      "build:rn": "taro build --type rn",
      "build:qq": "taro build --type qq",
      "build:jd": "taro build --type jd",
      "build:quickapp": "taro build --type quickapp",
      "dev:weapp": "npm run build:weapp -- --watch",
      "dev:swan": "npm run build:swan -- --watch",
      "dev:alipay": "npm run build:alipay -- --watch",
      "dev:tt": "npm run build:tt -- --watch",
      "dev:h5": "npm run build:h5 -- --watch",
      "dev:rn": "npm run build:rn -- --watch",
      "dev:qq": "npm run build:qq -- --watch",
      "dev:jd": "npm run build:jd -- --watch",
      "dev:quickapp": "npm run build:quickapp -- --watch"
    },
    "browserslist": [
      "last 3 versions",
      "Android >= 4.1",
      "ios >= 8"
    ],
    "author": "",
    "dependencies": {
      "@babel/runtime": "^7.7.7",
      "@tarojs/cli": "3.0.14",
      "@tarojs/components": "3.0.14",
      "@tarojs/runtime": "3.0.14",
      "@tarojs/taro": "3.0.14",
      "lodash": "4.17.15",
      "@tarojs/react": "3.0.14",
      "react": "^16.10.0",
      "react-dom": "^16.10.0",
      "taro-ui": "^3.0.0-alpha.3"
    },
    "devDependencies": {
      "@babel/core": "^7.8.0",
      "@tarojs/mini-runner": "3.0.14",
      "@tarojs/webpack-runner": "3.0.14",
      "@types/webpack-env": "^1.13.6",
      "babel-preset-taro": "3.0.14",
      "eslint": "^6.8.0",
      "eslint-config-taro": "3.0.14",
      "stylelint": "9.3.0",
      "@types/react": "^16.0.0",
      "eslint-plugin-react": "^7.8.2",
      "eslint-plugin-import": "^2.12.0",
      "eslint-plugin-react-hooks": "^1.6.1"
    }
  }

yarn manifest: 
  No manifest

Lockfile: 
  No lockfile
